<?xml version="1.0" encoding="UTF-8"?>
<testsuite name="CustomerRepository.TestSuite" tests="5" failures="1" errors="0" time="36.78"><properties>
[...]
</properties><testcase name="EndtoEndTest" time="15.858"/><testcase name="DataDrivenTest" time="1.084"><failure type="Cancelling due to failed test step" message="Cancelling due to failed test step"><![CDATA[<h3><b>DataRetreive Failed</b></h3><pre>org.codehaus.groovy.control.MultipleCompilationErrorsException: startup failed:
Script1.groovy: 11: expecting anything but ''\n''; got it anyway @ line 11, column 32.
   def filepath="$fold"+input.xls"
                                  ^
org.codehaus.groovy.syntax.SyntaxException: expecting anything but ''\n''; got it anyway @ line 11, column 32.
	at org.codehaus.groovy.antlr.AntlrParserPlugin.transformCSTIntoAST(AntlrParserPlugin.java:138)
	at org.codehaus.groovy.antlr.AntlrParserPlugin.parseCST(AntlrParserPlugin.java:111)
	at org.codehaus.groovy.control.SourceUnit.parse(SourceUnit.java:237)
	at org.codehaus.groovy.control.CompilationUnit$1.call(CompilationUnit.java:167)
	at org.codehaus.groovy.control.CompilationUnit.applyToSourceUnits(CompilationUnit.java:931)
	at org.codehaus.groovy.control.CompilationUnit.doPhaseOperation(CompilationUnit.java:593)
	at org.codehaus.groovy.control.CompilationUnit.processPhaseOperations(CompilationUnit.java:569)
	at org.codehaus.groovy.control.CompilationUnit.compile(CompilationUnit.java:546)
	at groovy.lang.GroovyClassLoader.doParseClass(GroovyClassLoader.java:298)
	at groovy.lang.GroovyClassLoader.parseClass(GroovyClassLoader.java:268)
	at groovy.lang.GroovyShell.parseClass(GroovyShell.java:694)
	at groovy.lang.GroovyShell.parse(GroovyShell.java:706)
	at groovy.lang.GroovyShell.parse(GroovyShell.java:742)
	at groovy.lang.GroovyShell.parse(GroovyShell.java:733)
	at com.eviware.soapui.support.scripting.groovy.SoapUIGroovyScriptEngine.compile(SoapUIGroovyScriptEngine.java:136)
	at com.eviware.soapui.support.scripting.groovy.SoapUIGroovyScriptEngine.run(SoapUIGroovyScriptEngine.java:87)
	at com.eviware.soapui.impl.wsdl.teststeps.WsdlGroovyScriptTestStep.run(WsdlGroovyScriptTestStep.java:141)
	at com.eviware.soapui.impl.wsdl.support.AbstractTestCaseRunner.runTestStep(AbstractTestCaseRunner.java:211)
	at com.eviware.soapui.impl.wsdl.testcase.WsdlTestCaseRunner.runCurrentTestStep(WsdlTestCaseRunner.java:47)
	at com.eviware.soapui.impl.wsdl.support.AbstractTestCaseRunner.internalRun(AbstractTestCaseRunner.java:138)
	at com.eviware.soapui.impl.wsdl.support.AbstractTestCaseRunner.internalRun(AbstractTestCaseRunner.java:46)
	at com.eviware.soapui.impl.wsdl.support.AbstractTestRunner.run(AbstractTestRunner.java:128)
	at java.util.concurrent.Executors$RunnableAdapter.call(Executors.java:511)
	at java.util.concurrent.FutureTask.run(FutureTask.java:266)
	at java.util.concurrent.ThreadPoolExecutor.runWorker(ThreadPoolExecutor.java:1149)
	at java.util.concurrent.ThreadPoolExecutor$Worker.run(ThreadPoolExecutor.java:624)
	at java.lang.Thread.run(Thread.java:748)
Caused by: Script1.groovy:11:32: expecting anything but ''\n''; got it anyway
	at org.codehaus.groovy.antlr.parser.GroovyLexer.mSTRING_NL(GroovyLexer.java:2210)
	at org.codehaus.groovy.antlr.parser.GroovyLexer.mSTRING_CTOR_END(GroovyLexer.java:2248)
	at org.codehaus.groovy.antlr.parser.GroovyLexer.mSTRING_LITERAL(GroovyLexer.java:1997)
	at org.codehaus.groovy.antlr.parser.GroovyLexer.nextToken(GroovyLexer.java:478)
	at org.codehaus.groovy.antlr.parser.GroovyLexer$1.nextToken(GroovyLexer.java:262)
	at groovyjarjarantlr.TokenBuffer.fill(TokenBuffer.java:69)
	at groovyjarjarantlr.TokenBuffer.LA(TokenBuffer.java:80)
	at groovyjarjarantlr.LLkParser.LA(LLkParser.java:52)
	at org.codehaus.groovy.antlr.parser.GroovyRecognizer.nls(GroovyRecognizer.java:799)
	at org.codehaus.groovy.antlr.parser.GroovyRecognizer.pathElement(GroovyRecognizer.java:11470)
	at org.codehaus.groovy.antlr.parser.GroovyRecognizer.pathExpression(GroovyRecognizer.java:11697)
	at org.codehaus.groovy.antlr.parser.GroovyRecognizer.postfixExpression(GroovyRecognizer.java:13410)
	at org.codehaus.groovy.antlr.parser.GroovyRecognizer.unaryExpressionNotPlusMinus(GroovyRecognizer.java:13379)
	at org.codehaus.groovy.antlr.parser.GroovyRecognizer.powerExpressionNotPlusMinus(GroovyRecognizer.java:13083)
	at org.codehaus.groovy.antlr.parser.GroovyRecognizer.multiplicativeExpression(GroovyRecognizer.java:13015)
	at org.codehaus.groovy.antlr.parser.GroovyRecognizer.additiveExpression(GroovyRecognizer.java:12716)
	at org.codehaus.groovy.antlr.parser.GroovyRecognizer.shiftExpression(GroovyRecognizer.java:9921)
	at org.codehaus.groovy.antlr.parser.GroovyRecognizer.relationalExpression(GroovyRecognizer.java:12590)
	at org.codehaus.groovy.antlr.parser.GroovyRecognizer.equalityExpression(GroovyRecognizer.java:12514)
	at org.codehaus.groovy.antlr.parser.GroovyRecognizer.regexExpression(GroovyRecognizer.java:12462)
	at org.codehaus.groovy.antlr.parser.GroovyRecognizer.andExpression(GroovyRecognizer.java:12430)
	at org.codehaus.groovy.antlr.parser.GroovyRecognizer.exclusiveOrExpression(GroovyRecognizer.java:12398)
	at org.codehaus.groovy.antlr.parser.GroovyRecognizer.inclusiveOrExpression(GroovyRecognizer.java:12366)
	at org.codehaus.groovy.antlr.parser.GroovyRecognizer.logicalAndExpression(GroovyRecognizer.java:12334)
	at org.codehaus.groovy.antlr.parser.GroovyRecognizer.logicalOrExpression(GroovyRecognizer.java:12302)
	at org.codehaus.groovy.antlr.parser.GroovyRecognizer.conditionalExpression(GroovyRecognizer.java:4956)
	at org.codehaus.groovy.antlr.parser.GroovyRecognizer.assignmentExpression(GroovyRecognizer.java:8122)
	at org.codehaus.groovy.antlr.parser.GroovyRecognizer.expression(GroovyRecognizer.java:10061)
	at org.codehaus.groovy.antlr.parser.GroovyRecognizer.expressionStatementNoCheck(GroovyRecognizer.java:8449)
	at org.codehaus.groovy.antlr.parser.GroovyRecognizer.varInitializer(GroovyRecognizer.java:2772)
	at org.codehaus.groovy.antlr.parser.GroovyRecognizer.variableDeclarator(GroovyRecognizer.java:8023)
	at org.codehaus.groovy.antlr.parser.GroovyRecognizer.listOfVariables(GroovyRecognizer.java:7977)
	at org.codehaus.groovy.antlr.parser.GroovyRecognizer.variableDefinitions(GroovyRecognizer.java:2367)
	at org.codehaus.groovy.antlr.parser.GroovyRecognizer.declaration(GroovyRecognizer.java:2229)
	at org.codehaus.groovy.antlr.parser.GroovyRecognizer.statement(GroovyRecognizer.java:1212)
	at org.codehaus.groovy.antlr.parser.GroovyRecognizer.compilationUnit(GroovyRecognizer.java:760)
	at org.codehaus.groovy.antlr.AntlrParserPlugin.transformCSTIntoAST(AntlrParserPlugin.java:134)
	... 26 more

1 error

</pre><hr/>]]></failure></testcase><testcase name="SystemTesting" time="0.0"/><testcase name="EndtoEndTest" time="9.499"/><testcase name="DataBaseTesting" time="10.339"/></testsuite>